2025-05-17 08:46:54,236 - INFO - Configuration saved to config.json
2025-05-17 08:46:54,236 - INFO - Default configuration created and saved to config.json
2025-05-17 08:46:54,238 - INFO - Database setup complete
2025-05-17 08:54:16,035 - INFO - Configuration loaded from config.json
2025-05-17 08:54:16,049 - INFO - Database setup complete
2025-05-17 08:57:51,965 - INFO - Configuration loaded from config.json
2025-05-17 08:57:51,969 - INFO - Database setup complete
2025-05-17 08:57:52,187 - ERROR - Error: Failed to import transformers.models.distilbert.modeling_tf_distilbert because of the following error (look up to see its traceback):
Your currently installed version of Keras is Keras 3, but this is not yet supported in Transformers. Please install the backwards-compatible tf-keras package with `pip install tf-keras`.
2025-05-17 08:58:17,314 - INFO - Configuration loaded from config.json
2025-05-17 08:58:17,317 - INFO - Database setup complete
2025-05-17 08:58:18,212 - WARNING - Xet Storage is enabled for this repo, but the 'hf_xet' package is not installed. Falling back to regular HTTP download. For better performance, install the package with: `pip install huggingface_hub[hf_xet]` or `pip install hf_xet`
2025-05-17 08:58:22,860 - ERROR - Error: name 'torch' is not defined
2025-05-17 09:00:38,875 - INFO - Configuration loaded from config.json
2025-05-17 09:00:38,878 - INFO - Database setup complete
2025-05-17 09:00:40,440 - ERROR - Error: name 'torch' is not defined
2025-05-17 09:01:27,046 - INFO - Configuration loaded from config.json
2025-05-17 09:01:27,048 - INFO - Database setup complete
2025-05-17 09:01:28,298 - ERROR - Error: name 'torch' is not defined
2025-05-17 09:03:39,432 - INFO - Configuration loaded from config.json
2025-05-17 09:03:39,443 - INFO - Database setup complete
2025-05-17 09:03:42,986 - INFO - Starting web scraper service
2025-05-17 09:03:42,987 - INFO - Scheduled Example News to check every 60 minutes
2025-05-17 09:03:42,987 - INFO - Checking website: Example News (https://example.com/news)
2025-05-17 09:03:43,937 - ERROR - Error fetching https://example.com/news: 404 Client Error: Not Found for url: https://example.com/news
2025-05-17 09:03:43,938 - WARNING - No content fetched from Example News
2025-05-17 09:04:07,230 - INFO - Stopping web scraper service
2025-05-17 09:04:20,248 - INFO - Configuration loaded from config.json
2025-05-17 09:04:20,250 - INFO - Database setup complete
2025-05-17 09:04:22,325 - INFO - Configuration saved to config.json
2025-05-17 09:04:22,325 - INFO - Checking website: Example News (https://cnn.com)
2025-05-17 09:04:22,768 - WARNING - No content fetched from Example News
2025-05-17 09:04:22,768 - INFO - Scheduled Example News to check every 60 minutes
2025-05-17 09:04:22,768 - INFO - Scheduled Example News to check every 60 minutes
2025-05-17 09:04:22,768 - INFO - Added new website: Example News (https://cnn.com)
2025-05-17 09:04:45,864 - INFO - Configuration loaded from config.json
2025-05-17 09:04:45,866 - INFO - Database setup complete
2025-05-17 09:11:11,035 - INFO - Configuration loaded from config.json
2025-05-17 09:11:11,037 - INFO - Database setup complete
2025-05-17 09:11:11,261 - ERROR - Error: At least one of TensorFlow 2.0 or PyTorch should be installed. To install TensorFlow 2.0, read the instructions at https://www.tensorflow.org/install/ To install PyTorch, read the instructions at https://pytorch.org/.
2025-05-17 09:13:24,365 - INFO - Configuration loaded from config.json
2025-05-17 09:13:24,368 - INFO - Database setup complete
2025-05-17 09:13:24,552 - ERROR - Error: At least one of TensorFlow 2.0 or PyTorch should be installed. To install TensorFlow 2.0, read the instructions at https://www.tensorflow.org/install/ To install PyTorch, read the instructions at https://pytorch.org/.
2025-05-17 09:16:31,681 - INFO - Configuration loaded from config.json
2025-05-17 09:16:31,684 - INFO - Database setup complete
2025-05-17 09:16:31,896 - ERROR - Error: At least one of TensorFlow 2.0 or PyTorch should be installed. To install TensorFlow 2.0, read the instructions at https://www.tensorflow.org/install/ To install PyTorch, read the instructions at https://pytorch.org/.
2025-05-17 09:19:24,575 - INFO - Configuration loaded from config.json
2025-05-17 09:19:24,577 - INFO - Database setup complete
2025-05-17 09:20:06,883 - INFO - Configuration loaded from config.json
2025-05-17 09:20:06,883 - INFO - Database setup complete
2025-05-17 09:20:18,188 - INFO - Configuration loaded from config.json
2025-05-17 09:20:18,191 - INFO - Database setup complete
2025-05-17 09:20:31,716 - INFO - Configuration loaded from config.json
2025-05-17 09:20:31,716 - INFO - Database setup complete
2025-05-17 09:20:32,952 - INFO - Checking website: Example News (https://example.com/news)
2025-05-17 09:20:33,900 - ERROR - Error fetching https://example.com/news: 404 Client Error: Not Found for url: https://example.com/news
2025-05-17 09:20:33,901 - WARNING - No content fetched from Example News
2025-05-17 09:20:33,901 - INFO - Checking website: Example News (https://cnn.com)
2025-05-17 09:20:34,317 - WARNING - No content fetched from Example News
